\0:0:0:0:0:0:0:1 - - [22/May/2018:06:28:01 +0200] \"GET / HTTP/1.1\" 404 307
\0:0:0:0:0:0:0:1 - - [22/May/2018:06:28:02 +0200] \"GET / HTTP/1.1\" 404 307
\0:0:0:0:0:0:0:1 - - [22/May/2018:06:28:03 +0200] \"GET / HTTP/1.1\" 404 307
\0:0:0:0:0:0:0:1 - - [22/May/2018:06:28:16 +0200] \"GET / HTTP/1.1\" 404 307
\0:0:0:0:0:0:0:1 - - [22/May/2018:06:28:16 +0200] \"GET /favicon.ico HTTP/1.1\" 200 946
\0:0:0:0:0:0:0:1 - - [22/May/2018:06:32:48 +0200] \"GET /actuator/loggers HTTP/1.1\" 404 307
\0:0:0:0:0:0:0:1 - - [22/May/2018:06:32:50 +0200] \"GET /actuator/loggers HTTP/1.1\" 404 307
\0:0:0:0:0:0:0:1 - - [22/May/2018:06:32:56 +0200] \"GET /actuator/loggers HTTP/1.1\" 404 307
\0:0:0:0:0:0:0:1 - - [22/May/2018:06:34:24 +0200] \"GET /actuator/loggers HTTP/1.1\" 404 307
\0:0:0:0:0:0:0:1 - - [22/May/2018:06:34:24 +0200] \"GET /favicon.ico HTTP/1.1\" 200 946
\0:0:0:0:0:0:0:1 - - [22/May/2018:06:34:27 +0200] \"GET /actuator HTTP/1.1\" 200 238
\0:0:0:0:0:0:0:1 - - [22/May/2018:06:37:14 +0200] \"GET /actuator HTTP/1.1\" 200 257
\0:0:0:0:0:0:0:1 - - [22/May/2018:06:37:16 +0200] \"GET /actuator/loggers HTTP/1.1\" 200 48871
\0:0:0:0:0:0:0:1 - - [22/May/2018:06:39:20 +0200] \"GET /actuator/loggers HTTP/1.1\" 404 307
\0:0:0:0:0:0:0:1 - - [22/May/2018:06:41:04 +0200] \"GET /hello/name HTTP/1.1\" 404 307
\0:0:0:0:0:0:0:1 - - [22/May/2018:06:41:10 +0200] \"GET /hello?name=Phil HTTP/1.1\" 200 12
\0:0:0:0:0:0:0:1 - - [22/May/2018:06:41:16 +0200] \"GET /actuator/loggers HTTP/1.1\" 200 49089
\0:0:0:0:0:0:0:1 - - [22/May/2018:06:42:59 +0200] \"POST /actuator/loggers/de.rieckpil.learning HTTP/1.1\" 204 -
\0:0:0:0:0:0:0:1 - - [22/May/2018:06:43:02 +0200] \"GET /actuator/loggers HTTP/1.1\" 200 49096
\0:0:0:0:0:0:0:1 - - [22/May/2018:06:43:13 +0200] \"GET /hello?name=Phil HTTP/1.1\" 200 12
\0:0:0:0:0:0:0:1 - - [22/May/2018:06:43:15 +0200] \"GET /hello?name=Phil HTTP/1.1\" 200 12
\0:0:0:0:0:0:0:1 - - [22/May/2018:06:44:30 +0200] \"GET /logs HTTP/1.1\" 404 307
\0:0:0:0:0:0:0:1 - - [22/May/2018:06:44:38 +0200] \"GET /logs/spring.log HTTP/1.1\" 404 307
\0:0:0:0:0:0:0:1 - - [22/May/2018:06:45:16 +0200] \"GET /actuator/logfile HTTP/1.1\" 404 307
\0:0:0:0:0:0:0:1 - - [22/May/2018:06:45:46 +0200] \"GET /actuator/logfile HTTP/1.1\" 200 78243
