2018-05-29 06:03:44.110 user:  INFO 1354 --- [main] d.r.l.s.PersonControllerIT               : Starting PersonControllerIT on Philips-MBP.fritz.box with PID 1354 (started by Philip in /Users/Philip/git/learning-samples/spring-boot-2-book)
2018-05-29 06:03:44.129 user:  INFO 1354 --- [main] d.r.l.s.PersonControllerIT               : No active profile set, falling back to default profiles: default
2018-05-29 06:03:44.274 user:  INFO 1354 --- [main] o.s.w.c.s.GenericWebApplicationContext   : Refreshing org.springframework.web.context.support.GenericWebApplicationContext@1b45c0e: startup date [Tue May 29 06:03:44 CEST 2018]; root of context hierarchy
2018-05-29 06:03:46.745 user:  INFO 1354 --- [main] o.s.w.s.handler.SimpleUrlHandlerMapping  : Mapped URL path [/**/favicon.ico] onto handler of type [class org.springframework.web.servlet.resource.ResourceHttpRequestHandler]
2018-05-29 06:03:47.170 user:  INFO 1354 --- [main] s.w.s.m.m.a.RequestMappingHandlerAdapter : Looking for @ControllerAdvice: org.springframework.web.context.support.GenericWebApplicationContext@1b45c0e: startup date [Tue May 29 06:03:44 CEST 2018]; root of context hierarchy
2018-05-29 06:03:47.313 user:  INFO 1354 --- [main] s.w.s.m.m.a.RequestMappingHandlerMapping : Mapped "{[/locale],methods=[GET]}" onto public java.lang.String de.rieckpil.learning.springboot2book.HelloWorldController.getLocale(java.util.Locale)
2018-05-29 06:03:47.315 user:  INFO 1354 --- [main] s.w.s.m.m.a.RequestMappingHandlerMapping : Mapped "{[/image],methods=[GET]}" onto public org.springframework.http.ResponseEntity<org.springframework.core.io.Resource> de.rieckpil.learning.springboot2book.HelloWorldController.getImage() throws java.io.IOException
2018-05-29 06:03:47.316 user:  INFO 1354 --- [main] s.w.s.m.m.a.RequestMappingHandlerMapping : Mapped "{[/hello],methods=[GET]}" onto public java.lang.String de.rieckpil.learning.springboot2book.HelloWorldController.helloWorld(java.lang.String)
2018-05-29 06:03:47.316 user:  INFO 1354 --- [main] s.w.s.m.m.a.RequestMappingHandlerMapping : Mapped "{[/persons],methods=[GET]}" onto public java.util.List<de.rieckpil.learning.springboot2book.entities.Person> de.rieckpil.learning.springboot2book.HelloWorldController.getPersons()
2018-05-29 06:03:47.319 user:  INFO 1354 --- [main] s.w.s.m.m.a.RequestMappingHandlerMapping : Mapped "{[/greeting],methods=[GET]}" onto public java.lang.String de.rieckpil.learning.springboot2book.SecuredController.getGreeting(java.security.Principal)
2018-05-29 06:03:47.320 user:  INFO 1354 --- [main] s.w.s.m.m.a.RequestMappingHandlerMapping : Mapped "{[/greeting-secret],methods=[GET]}" onto public java.lang.String de.rieckpil.learning.springboot2book.SecuredController.getSecretGreeting(java.security.Principal)
2018-05-29 06:03:47.322 user:  INFO 1354 --- [main] s.w.s.m.m.a.RequestMappingHandlerMapping : Mapped "{[/error]}" onto public org.springframework.http.ResponseEntity<java.util.Map<java.lang.String, java.lang.Object>> org.springframework.boot.autoconfigure.web.servlet.error.BasicErrorController.error(javax.servlet.http.HttpServletRequest)
2018-05-29 06:03:47.325 user:  INFO 1354 --- [main] s.w.s.m.m.a.RequestMappingHandlerMapping : Mapped "{[/error],produces=[text/html]}" onto public org.springframework.web.servlet.ModelAndView org.springframework.boot.autoconfigure.web.servlet.error.BasicErrorController.errorHtml(javax.servlet.http.HttpServletRequest,javax.servlet.http.HttpServletResponse)
2018-05-29 06:03:47.401 user:  INFO 1354 --- [main] o.s.w.s.handler.SimpleUrlHandlerMapping  : Mapped URL path [/webjars/**] onto handler of type [class org.springframework.web.servlet.resource.ResourceHttpRequestHandler]
2018-05-29 06:03:47.405 user:  INFO 1354 --- [main] o.s.w.s.handler.SimpleUrlHandlerMapping  : Mapped URL path [/**] onto handler of type [class org.springframework.web.servlet.resource.ResourceHttpRequestHandler]
2018-05-29 06:03:48.299 user:  INFO 1354 --- [main] o.s.s.web.DefaultSecurityFilterChain     : Creating filter chain: org.springframework.security.web.util.matcher.AnyRequestMatcher@1, [org.springframework.security.web.context.request.async.WebAsyncManagerIntegrationFilter@7654f833, org.springframework.security.web.context.SecurityContextPersistenceFilter@48a0c8aa, org.springframework.security.web.header.HeaderWriterFilter@6f1a16fe, org.springframework.security.web.csrf.CsrfFilter@1caa9eb6, org.springframework.security.web.authentication.logout.LogoutFilter@4d18b73a, org.springframework.security.web.authentication.UsernamePasswordAuthenticationFilter@2c7106d9, org.springframework.security.web.authentication.ui.DefaultLoginPageGeneratingFilter@3291b443, org.springframework.security.web.authentication.www.BasicAuthenticationFilter@2d7a9786, org.springframework.security.web.savedrequest.RequestCacheAwareFilter@3722c145, org.springframework.security.web.servletapi.SecurityContextHolderAwareRequestFilter@67064bdc, org.springframework.security.web.authentication.AnonymousAuthenticationFilter@571a01f9, org.springframework.security.web.session.SessionManagementFilter@33634f04, org.springframework.security.web.access.ExceptionTranslationFilter@5793b87, org.springframework.security.web.access.intercept.FilterSecurityInterceptor@1e0a864d]
2018-05-29 06:03:48.369 user:  INFO 1354 --- [main] o.s.b.t.m.w.SpringBootMockServletContext : Initializing Spring FrameworkServlet ''
2018-05-29 06:03:48.370 user:  INFO 1354 --- [main] o.s.t.web.servlet.TestDispatcherServlet  : FrameworkServlet '': initialization started
2018-05-29 06:03:48.392 user:  INFO 1354 --- [main] o.s.t.web.servlet.TestDispatcherServlet  : FrameworkServlet '': initialization completed in 22 ms
2018-05-29 06:03:48.472 user:  INFO 1354 --- [main] d.r.l.s.PersonControllerIT               : Started PersonControllerIT in 5.17 seconds (JVM running for 8.781)
2018-05-29 06:03:49.036 user:  INFO 1354 --- [Thread-2] o.s.w.c.s.GenericWebApplicationContext   : Closing org.springframework.web.context.support.GenericWebApplicationContext@1b45c0e: startup date [Tue May 29 06:03:44 CEST 2018]; root of context hierarchy
